<?xml version="1.0" encoding="UTF-8"?>
<testng-results skipped="0" failed="0" ignored="0" total="1" passed="1">
  <reporter-output>
  </reporter-output>
  <suite name="Default suite" duration-ms="2198" started-at="2018-03-08T17:46:10Z" finished-at="2018-03-08T17:46:13Z">
    <groups>
    </groups>
    <test name="Default test" duration-ms="2198" started-at="2018-03-08T17:46:10Z" finished-at="2018-03-08T17:46:13Z">
      <class name="base.TestBase">
        <test-method status="PASS" signature="setUp()[pri:0, instance:base.TestBase@5b275dab]" name="setUp" is-config="true" duration-ms="8204" started-at="2018-03-08T12:46:02Z" finished-at="2018-03-08T12:46:10Z">
          <reporter-output>
          </reporter-output>
        </test-method> <!-- setUp -->
        <test-method status="PASS" signature="sampleTest()[pri:0, instance:base.TestBase@5b275dab]" name="sampleTest" duration-ms="2163" started-at="2018-03-08T12:46:10Z" finished-at="2018-03-08T12:46:13Z">
          <reporter-output>
          </reporter-output>
        </test-method> <!-- sampleTest -->
        <test-method status="PASS" signature="tearDown()[pri:0, instance:base.TestBase@5b275dab]" name="tearDown" is-config="true" duration-ms="196" started-at="2018-03-08T12:46:13Z" finished-at="2018-03-08T12:46:13Z">
          <reporter-output>
          </reporter-output>
        </test-method> <!-- tearDown -->
      </class> <!-- base.TestBase -->
    </test> <!-- Default test -->
  </suite> <!-- Default suite -->
</testng-results>
